#! /usr/bin/vvp
:ivl_version "10.3 (stable)";
:ivl_delay_selection "TYPICAL";
:vpi_time_precision + 0;
:vpi_module "system";
:vpi_module "vhdl_sys";
:vpi_module "v2005_math";
:vpi_module "va_math";
S_0x5604e7ded170 .scope module, "serialalu" "serialalu" 2 6;
 .timescale 0 0;
    .port_info 0 /INPUT 1 "a"
    .port_info 1 /INPUT 1 "b"
    .port_info 2 /INPUT 1 "c"
    .port_info 3 /INPUT 3 "s"
    .port_info 4 /OUTPUT 1 "out"
    .port_info 5 /OUTPUT 1 "cout"
o0x7fe3b17c3018 .functor BUFZ 1, C4<z>; HiZ drive
v0x5604e7ded3e0_0 .net "a", 0 0, o0x7fe3b17c3018;  0 drivers
o0x7fe3b17c3048 .functor BUFZ 1, C4<z>; HiZ drive
v0x5604e7e35ec0_0 .net "b", 0 0, o0x7fe3b17c3048;  0 drivers
o0x7fe3b17c3078 .functor BUFZ 1, C4<z>; HiZ drive
v0x5604e7e35f80_0 .net "c", 0 0, o0x7fe3b17c3078;  0 drivers
v0x5604e7e36020_0 .var "cout", 0 0;
v0x5604e7e360e0_0 .var "out", 0 0;
o0x7fe3b17c3108 .functor BUFZ 3, C4<zzz>; HiZ drive
v0x5604e7e361f0_0 .net "s", 2 0, o0x7fe3b17c3108;  0 drivers
E_0x5604e7e22a60 .event edge, v0x5604e7e361f0_0, v0x5604e7e35f80_0, v0x5604e7e35ec0_0, v0x5604e7ded3e0_0;
    .scope S_0x5604e7ded170;
T_0 ;
    %wait E_0x5604e7e22a60;
    %load/vec4 v0x5604e7e361f0_0;
    %dup/vec4;
    %pushi/vec4 0, 0, 3;
    %cmp/u;
    %jmp/1 T_0.0, 6;
    %dup/vec4;
    %pushi/vec4 1, 0, 3;
    %cmp/u;
    %jmp/1 T_0.1, 6;
    %dup/vec4;
    %pushi/vec4 2, 0, 3;
    %cmp/u;
    %jmp/1 T_0.2, 6;
    %dup/vec4;
    %pushi/vec4 3, 0, 3;
    %cmp/u;
    %jmp/1 T_0.3, 6;
    %dup/vec4;
    %pushi/vec4 4, 0, 3;
    %cmp/u;
    %jmp/1 T_0.4, 6;
    %dup/vec4;
    %pushi/vec4 5, 0, 3;
    %cmp/u;
    %jmp/1 T_0.5, 6;
    %dup/vec4;
    %pushi/vec4 6, 0, 3;
    %cmp/u;
    %jmp/1 T_0.6, 6;
    %dup/vec4;
    %pushi/vec4 7, 0, 3;
    %cmp/u;
    %jmp/1 T_0.7, 6;
    %jmp T_0.8;
T_0.0 ;
    %load/vec4 v0x5604e7e35f80_0;
    %load/vec4 v0x5604e7ded3e0_0;
    %concat/vec4; draw_concat_vec4
    %split/vec4 1;
    %assign/vec4 v0x5604e7e360e0_0, 0;
    %assign/vec4 v0x5604e7e36020_0, 0;
    %jmp T_0.8;
T_0.1 ;
    %load/vec4 v0x5604e7e35f80_0;
    %load/vec4 v0x5604e7ded3e0_0;
    %load/vec4 v0x5604e7e35ec0_0;
    %or;
    %or;
    %load/vec4 v0x5604e7ded3e0_0;
    %load/vec4 v0x5604e7e35ec0_0;
    %or;
    %concat/vec4; draw_concat_vec4
    %split/vec4 1;
    %assign/vec4 v0x5604e7e360e0_0, 0;
    %assign/vec4 v0x5604e7e36020_0, 0;
    %jmp T_0.8;
T_0.2 ;
    %load/vec4 v0x5604e7ded3e0_0;
    %pad/u 2;
    %load/vec4 v0x5604e7e35ec0_0;
    %pad/u 2;
    %add;
    %load/vec4 v0x5604e7e35f80_0;
    %pad/u 2;
    %add;
    %split/vec4 1;
    %assign/vec4 v0x5604e7e360e0_0, 0;
    %assign/vec4 v0x5604e7e36020_0, 0;
    %jmp T_0.8;
T_0.3 ;
    %load/vec4 v0x5604e7ded3e0_0;
    %pad/u 2;
    %load/vec4 v0x5604e7e35ec0_0;
    %pad/u 2;
    %sub;
    %load/vec4 v0x5604e7e35f80_0;
    %pad/u 2;
    %sub;
    %split/vec4 1;
    %assign/vec4 v0x5604e7e360e0_0, 0;
    %assign/vec4 v0x5604e7e36020_0, 0;
    %jmp T_0.8;
T_0.4 ;
    %load/vec4 v0x5604e7e35f80_0;
    %load/vec4 v0x5604e7ded3e0_0;
    %load/vec4 v0x5604e7e35ec0_0;
    %cmp/e;
    %flag_get/vec4 4;
    %inv;
    %and;
    %load/vec4 v0x5604e7ded3e0_0;
    %load/vec4 v0x5604e7e35ec0_0;
    %cmp/e;
    %flag_get/vec4 4;
    %inv;
    %concat/vec4; draw_concat_vec4
    %split/vec4 1;
    %assign/vec4 v0x5604e7e360e0_0, 0;
    %assign/vec4 v0x5604e7e36020_0, 0;
    %jmp T_0.8;
T_0.5 ;
    %load/vec4 v0x5604e7e35f80_0;
    %load/vec4 v0x5604e7ded3e0_0;
    %load/vec4 v0x5604e7e35ec0_0;
    %cmp/e;
    %flag_get/vec4 4;
    %and;
    %load/vec4 v0x5604e7ded3e0_0;
    %load/vec4 v0x5604e7e35ec0_0;
    %cmp/e;
    %flag_get/vec4 4;
    %concat/vec4; draw_concat_vec4
    %split/vec4 1;
    %assign/vec4 v0x5604e7e360e0_0, 0;
    %assign/vec4 v0x5604e7e36020_0, 0;
    %jmp T_0.8;
T_0.6 ;
    %load/vec4 v0x5604e7e35f80_0;
    %load/vec4 v0x5604e7ded3e0_0;
    %load/vec4 v0x5604e7e35ec0_0;
    %and;
    %and;
    %load/vec4 v0x5604e7ded3e0_0;
    %load/vec4 v0x5604e7e35ec0_0;
    %and;
    %concat/vec4; draw_concat_vec4
    %split/vec4 1;
    %assign/vec4 v0x5604e7e360e0_0, 0;
    %assign/vec4 v0x5604e7e36020_0, 0;
    %jmp T_0.8;
T_0.7 ;
    %load/vec4 v0x5604e7e35f80_0;
    %load/vec4 v0x5604e7e35ec0_0;
    %load/vec4 v0x5604e7ded3e0_0;
    %cmp/u;
    %flag_get/vec4 5;
    %and;
    %load/vec4 v0x5604e7e35ec0_0;
    %load/vec4 v0x5604e7ded3e0_0;
    %cmp/u;
    %flag_get/vec4 5;
    %concat/vec4; draw_concat_vec4
    %split/vec4 1;
    %assign/vec4 v0x5604e7e360e0_0, 0;
    %assign/vec4 v0x5604e7e36020_0, 0;
    %jmp T_0.8;
T_0.8 ;
    %pop/vec4 1;
    %jmp T_0;
    .thread T_0, $push;
# The file index is used to find the file name in the following table.
:file_names 3;
    "N/A";
    "<interactive>";
    "alu.sv";
